Analysis & Synthesis report for ov
Wed May 13 14:47:04 2026
Quartus Prime Version 24.1std.0 Build 1077 03/04/2025 SC Lite Edition


---------------------
; Table of Contents ;
---------------------
  1. Legal Notice
  2. Analysis & Synthesis Summary
  3. Analysis & Synthesis Settings
  4. Parallel Compilation
  5. Analysis & Synthesis Messages



----------------
; Legal Notice ;
----------------
Copyright (C) 2025  Altera Corporation. All rights reserved.
Your use of Altera Corporation's design tools, logic functions 
and other software and tools, and any partner logic 
functions, and any output files from any of the foregoing 
(including device programming or simulation files), and any 
associated documentation or information are expressly subject 
to the terms and conditions of the Altera Program License 
Subscription Agreement, the Altera Quartus Prime License Agreement,
the Altera IP License Agreement, or other applicable license
agreement, including, without limitation, that your use is for
the sole purpose of programming logic devices manufactured by
Altera and sold by Altera or its authorized distributors.  Please
refer to the Altera Software License Subscription Agreements 
on the Quartus Prime software download page.



+--------------------------------------------------------------------------------------+
; Analysis & Synthesis Summary                                                         ;
+------------------------------------+-------------------------------------------------+
; Analysis & Synthesis Status        ; Failed - Wed May 13 14:47:04 2026               ;
; Quartus Prime Version              ; 24.1std.0 Build 1077 03/04/2025 SC Lite Edition ;
; Revision Name                      ; ov                                              ;
; Top-level Entity Name              ; image_capture_top                               ;
; Family                             ; Cyclone IV E                                    ;
; Total logic elements               ; N/A until Partition Merge                       ;
;     Total combinational functions  ; N/A until Partition Merge                       ;
;     Dedicated logic registers      ; N/A until Partition Merge                       ;
; Total registers                    ; N/A until Partition Merge                       ;
; Total pins                         ; N/A until Partition Merge                       ;
; Total virtual pins                 ; N/A until Partition Merge                       ;
; Total memory bits                  ; N/A until Partition Merge                       ;
; Embedded Multiplier 9-bit elements ; N/A until Partition Merge                       ;
; Total PLLs                         ; N/A until Partition Merge                       ;
+------------------------------------+-------------------------------------------------+


+------------------------------------------------------------------------------------------------------------+
; Analysis & Synthesis Settings                                                                              ;
+------------------------------------------------------------------+--------------------+--------------------+
; Option                                                           ; Setting            ; Default Value      ;
+------------------------------------------------------------------+--------------------+--------------------+
; Device                                                           ; EP4CE10F17C8       ;                    ;
; Top-level entity name                                            ; image_capture_top  ; ov                 ;
; Family name                                                      ; Cyclone IV E       ; Cyclone V          ;
; Use smart compilation                                            ; Off                ; Off                ;
; Enable parallel Assembler and Timing Analyzer during compilation ; On                 ; On                 ;
; Enable compact report table                                      ; Off                ; Off                ;
; Restructure Multiplexers                                         ; Auto               ; Auto               ;
; Create Debugging Nodes for IP Cores                              ; Off                ; Off                ;
; Preserve fewer node names                                        ; On                 ; On                 ;
; Intel FPGA IP Evaluation Mode                                    ; Enable             ; Enable             ;
; Verilog Version                                                  ; Verilog_2001       ; Verilog_2001       ;
; VHDL Version                                                     ; VHDL_1993          ; VHDL_1993          ;
; State Machine Processing                                         ; Auto               ; Auto               ;
; Safe State Machine                                               ; Off                ; Off                ;
; Extract Verilog State Machines                                   ; On                 ; On                 ;
; Extract VHDL State Machines                                      ; On                 ; On                 ;
; Ignore Verilog initial constructs                                ; Off                ; Off                ;
; Iteration limit for constant Verilog loops                       ; 5000               ; 5000               ;
; Iteration limit for non-constant Verilog loops                   ; 250                ; 250                ;
; Add Pass-Through Logic to Inferred RAMs                          ; On                 ; On                 ;
; Infer RAMs from Raw Logic                                        ; On                 ; On                 ;
; Parallel Synthesis                                               ; On                 ; On                 ;
; DSP Block Balancing                                              ; Auto               ; Auto               ;
; NOT Gate Push-Back                                               ; On                 ; On                 ;
; Power-Up Don't Care                                              ; On                 ; On                 ;
; Remove Redundant Logic Cells                                     ; Off                ; Off                ;
; Remove Duplicate Registers                                       ; On                 ; On                 ;
; Ignore CARRY Buffers                                             ; Off                ; Off                ;
; Ignore CASCADE Buffers                                           ; Off                ; Off                ;
; Ignore GLOBAL Buffers                                            ; Off                ; Off                ;
; Ignore ROW GLOBAL Buffers                                        ; Off                ; Off                ;
; Ignore LCELL Buffers                                             ; Off                ; Off                ;
; Ignore SOFT Buffers                                              ; On                 ; On                 ;
; Limit AHDL Integers to 32 Bits                                   ; Off                ; Off                ;
; Optimization Technique                                           ; Balanced           ; Balanced           ;
; Carry Chain Length                                               ; 70                 ; 70                 ;
; Auto Carry Chains                                                ; On                 ; On                 ;
; Auto Open-Drain Pins                                             ; On                 ; On                 ;
; Perform WYSIWYG Primitive Resynthesis                            ; Off                ; Off                ;
; Auto ROM Replacement                                             ; On                 ; On                 ;
; Auto RAM Replacement                                             ; On                 ; On                 ;
; Auto DSP Block Replacement                                       ; On                 ; On                 ;
; Auto Shift Register Replacement                                  ; Auto               ; Auto               ;
; Allow Shift Register Merging across Hierarchies                  ; Auto               ; Auto               ;
; Auto Clock Enable Replacement                                    ; On                 ; On                 ;
; Strict RAM Replacement                                           ; Off                ; Off                ;
; Allow Synchronous Control Signals                                ; On                 ; On                 ;
; Force Use of Synchronous Clear Signals                           ; Off                ; Off                ;
; Auto RAM Block Balancing                                         ; On                 ; On                 ;
; Auto RAM to Logic Cell Conversion                                ; Off                ; Off                ;
; Auto Resource Sharing                                            ; Off                ; Off                ;
; Allow Any RAM Size For Recognition                               ; Off                ; Off                ;
; Allow Any ROM Size For Recognition                               ; Off                ; Off                ;
; Allow Any Shift Register Size For Recognition                    ; Off                ; Off                ;
; Use LogicLock Constraints during Resource Balancing              ; On                 ; On                 ;
; Ignore translate_off and synthesis_off directives                ; Off                ; Off                ;
; Timing-Driven Synthesis                                          ; On                 ; On                 ;
; Report Parameter Settings                                        ; On                 ; On                 ;
; Report Source Assignments                                        ; On                 ; On                 ;
; Report Connectivity Checks                                       ; On                 ; On                 ;
; Ignore Maximum Fan-Out Assignments                               ; Off                ; Off                ;
; Synchronization Register Chain Length                            ; 2                  ; 2                  ;
; Power Optimization During Synthesis                              ; Normal compilation ; Normal compilation ;
; HDL message level                                                ; Level2             ; Level2             ;
; Suppress Register Optimization Related Messages                  ; Off                ; Off                ;
; Number of Removed Registers Reported in Synthesis Report         ; 5000               ; 5000               ;
; Number of Swept Nodes Reported in Synthesis Report               ; 5000               ; 5000               ;
; Number of Inverted Registers Reported in Synthesis Report        ; 100                ; 100                ;
; Clock MUX Protection                                             ; On                 ; On                 ;
; Auto Gated Clock Conversion                                      ; Off                ; Off                ;
; Block Design Naming                                              ; Auto               ; Auto               ;
; SDC constraint protection                                        ; Off                ; Off                ;
; Synthesis Effort                                                 ; Auto               ; Auto               ;
; Shift Register Replacement - Allow Asynchronous Clear Signal     ; On                 ; On                 ;
; Pre-Mapping Resynthesis Optimization                             ; Off                ; Off                ;
; Analysis & Synthesis Message Level                               ; Medium             ; Medium             ;
; Disable Register Merging Across Hierarchies                      ; Auto               ; Auto               ;
; Resource Aware Inference For Block RAM                           ; On                 ; On                 ;
+------------------------------------------------------------------+--------------------+--------------------+


+------------------------------------------+
; Parallel Compilation                     ;
+----------------------------+-------------+
; Processors                 ; Number      ;
+----------------------------+-------------+
; Number detected on machine ; 20          ;
; Maximum allowed            ; 14          ;
;                            ;             ;
; Average used               ; 1.00        ;
; Maximum used               ; 1           ;
;                            ;             ;
; Usage by Processor         ; % Time Used ;
;     Processor 1            ; 100.0%      ;
+----------------------------+-------------+


+-------------------------------+
; Analysis & Synthesis Messages ;
+-------------------------------+
Info: *******************************************************************
Info: Running Quartus Prime Analysis & Synthesis
    Info: Version 24.1std.0 Build 1077 03/04/2025 SC Lite Edition
    Info: Processing started: Wed May 13 14:46:59 2026
Info: Command: quartus_map --read_settings_files=on --write_settings_files=off ov -c ov
Warning (125092): Tcl Script File fifo_data.qip not found
    Info (125063): set_global_assignment -name QIP_FILE fifo_data.qip
Warning (125092): Tcl Script File ddio_out.qip not found
    Info (125063): set_global_assignment -name QIP_FILE ddio_out.qip
Warning (125092): Tcl Script File clk_gen.qip not found
    Info (125063): set_global_assignment -name QIP_FILE clk_gen.qip
Warning (18236): Number of processors has not been specified which may cause overloading on shared machines.  Set the global assignment NUM_PARALLEL_PROCESSORS in your QSF to an appropriate value for best performance.
Info (20030): Parallel compilation is enabled and will use 14 of the 14 processors detected
Warning (12019): Can't analyze file -- file ov5640_top.v is missing
Warning (12019): Can't analyze file -- file ov5640_data.v is missing
Warning (12019): Can't analyze file -- file ov5640_cfg.v is missing
Warning (12019): Can't analyze file -- file jpeg_capture.v is missing
Warning (12019): Can't analyze file -- file ../Image_Capture_Module/FPGA/rtl/jpeg_capture/ov5640_jpeg_capture.v is missing
Warning (12019): Can't analyze file -- file uart_rx.v is missing
Warning (12019): Can't analyze file -- file uart_cmd_parser.v is missing
Warning (12019): Can't analyze file -- file spi_master_tx.v is missing
Warning (12019): Can't analyze file -- file sdram_write.v is missing
Warning (12019): Can't analyze file -- file sdram_top.v is missing
Warning (12019): Can't analyze file -- file sdram_read.v is missing
Warning (12019): Can't analyze file -- file sdram_init.v is missing
Warning (12019): Can't analyze file -- file sdram_ctrl.v is missing
Warning (12019): Can't analyze file -- file sdram_arbit.v is missing
Warning (12019): Can't analyze file -- file sdram_a_ref.v is missing
Warning (12019): Can't analyze file -- file rtc_display_74hc595.v is missing
Info (12021): Found 1 design units, including 1 entities, in source file image_capture_top.v
    Info (12023): Found entity 1: image_capture_top File: D:/FPGA_B/FruitQualityMonitoringSystem/Image_Capture_Module/FPGA/rtl/image_capture_top.v Line: 8
Warning (12019): Can't analyze file -- file i2c_ctrl.v is missing
Warning (12019): Can't analyze file -- file fifo_data.v is missing
Warning (12019): Can't analyze file -- file fifo_ctrl.v is missing
Warning (12019): Can't analyze file -- file ddio_out.v is missing
Warning (12019): Can't analyze file -- file clk_gen.v is missing
Warning (12019): Can't analyze file -- file buzzer_pwm_ctrl.v is missing
Warning (10236): Verilog HDL Implicit Net warning at image_capture_top.v(212): created implicit net for "jpeg_size_pclk" File: D:/FPGA_B/FruitQualityMonitoringSystem/Image_Capture_Module/FPGA/rtl/image_capture_top.v Line: 212
Warning (10236): Verilog HDL Implicit Net warning at image_capture_top.v(213): created implicit net for "capture_done_pclk" File: D:/FPGA_B/FruitQualityMonitoringSystem/Image_Capture_Module/FPGA/rtl/image_capture_top.v Line: 213
Info (12127): Elaborating entity "image_capture_top" for the top level hierarchy
Warning (10036): Verilog HDL or VHDL warning at image_capture_top.v(131): object "led4_r" assigned a value but never read File: D:/FPGA_B/FruitQualityMonitoringSystem/Image_Capture_Module/FPGA/rtl/image_capture_top.v Line: 131
Warning (10858): Verilog HDL warning at image_capture_top.v(197): object jpeg_size used but never assigned File: D:/FPGA_B/FruitQualityMonitoringSystem/Image_Capture_Module/FPGA/rtl/image_capture_top.v Line: 197
Warning (10858): Verilog HDL warning at image_capture_top.v(198): object capture_done_raw used but never assigned File: D:/FPGA_B/FruitQualityMonitoringSystem/Image_Capture_Module/FPGA/rtl/image_capture_top.v Line: 198
Warning (10230): Verilog HDL assignment warning at image_capture_top.v(151): truncated value with size 32 to match size of target (26) File: D:/FPGA_B/FruitQualityMonitoringSystem/Image_Capture_Module/FPGA/rtl/image_capture_top.v Line: 151
Warning (10030): Net "jpeg_size" at image_capture_top.v(197) has no driver or initial value, using a default initial value '0' File: D:/FPGA_B/FruitQualityMonitoringSystem/Image_Capture_Module/FPGA/rtl/image_capture_top.v Line: 197
Warning (10030): Net "capture_done_raw" at image_capture_top.v(198) has no driver or initial value, using a default initial value '0' File: D:/FPGA_B/FruitQualityMonitoringSystem/Image_Capture_Module/FPGA/rtl/image_capture_top.v Line: 198
Warning (10034): Output port "ov5640_rst_n" at image_capture_top.v(28) has no driver File: D:/FPGA_B/FruitQualityMonitoringSystem/Image_Capture_Module/FPGA/rtl/image_capture_top.v Line: 28
Warning (10034): Output port "ov5640_pwdn" at image_capture_top.v(29) has no driver File: D:/FPGA_B/FruitQualityMonitoringSystem/Image_Capture_Module/FPGA/rtl/image_capture_top.v Line: 29
Error (12006): Node instance "u_pll" instantiates undefined entity "clk_gen". Ensure that required library paths are specified correctly, define the specified entity, or change the instantiation. If this entity represents Intel FPGA or third-party IP, generate the synthesis files for the IP. File: D:/FPGA_B/FruitQualityMonitoringSystem/Image_Capture_Module/FPGA/rtl/image_capture_top.v Line: 57
Error (12006): Node instance "u_parser" instantiates undefined entity "uart_cmd_parser". Ensure that required library paths are specified correctly, define the specified entity, or change the instantiation. If this entity represents Intel FPGA or third-party IP, generate the synthesis files for the IP. File: D:/FPGA_B/FruitQualityMonitoringSystem/Image_Capture_Module/FPGA/rtl/image_capture_top.v Line: 71
Error (12006): Node instance "u_buzzer" instantiates undefined entity "buzzer_pwm_ctrl". Ensure that required library paths are specified correctly, define the specified entity, or change the instantiation. If this entity represents Intel FPGA or third-party IP, generate the synthesis files for the IP. File: D:/FPGA_B/FruitQualityMonitoringSystem/Image_Capture_Module/FPGA/rtl/image_capture_top.v Line: 75
Error (12006): Node instance "u_display" instantiates undefined entity "rtc_display_74hc595". Ensure that required library paths are specified correctly, define the specified entity, or change the instantiation. If this entity represents Intel FPGA or third-party IP, generate the synthesis files for the IP. File: D:/FPGA_B/FruitQualityMonitoringSystem/Image_Capture_Module/FPGA/rtl/image_capture_top.v Line: 80
Error (12006): Node instance "u_ov5640" instantiates undefined entity "ov5640_top". Ensure that required library paths are specified correctly, define the specified entity, or change the instantiation. If this entity represents Intel FPGA or third-party IP, generate the synthesis files for the IP. File: D:/FPGA_B/FruitQualityMonitoringSystem/Image_Capture_Module/FPGA/rtl/image_capture_top.v Line: 190
Error (12006): Node instance "u_capture" instantiates undefined entity "ov5640_jpeg_capture". Ensure that required library paths are specified correctly, define the specified entity, or change the instantiation. If this entity represents Intel FPGA or third-party IP, generate the synthesis files for the IP. File: D:/FPGA_B/FruitQualityMonitoringSystem/Image_Capture_Module/FPGA/rtl/image_capture_top.v Line: 214
Error (12006): Node instance "u_sdram" instantiates undefined entity "sdram_top". Ensure that required library paths are specified correctly, define the specified entity, or change the instantiation. If this entity represents Intel FPGA or third-party IP, generate the synthesis files for the IP. File: D:/FPGA_B/FruitQualityMonitoringSystem/Image_Capture_Module/FPGA/rtl/image_capture_top.v Line: 268
Error (12006): Node instance "u_spi" instantiates undefined entity "spi_master_tx". Ensure that required library paths are specified correctly, define the specified entity, or change the instantiation. If this entity represents Intel FPGA or third-party IP, generate the synthesis files for the IP. File: D:/FPGA_B/FruitQualityMonitoringSystem/Image_Capture_Module/FPGA/rtl/image_capture_top.v Line: 292
Error: Quartus Prime Analysis & Synthesis was unsuccessful. 8 errors, 36 warnings
    Error: Peak virtual memory: 4740 megabytes
    Error: Processing ended: Wed May 13 14:47:04 2026
    Error: Elapsed time: 00:00:05
    Error: Total CPU time (on all processors): 00:00:13


