Flow report for image_capture_top
Wed May 13 15:27:55 2026
Quartus Prime Version 24.1std.0 Build 1077 03/04/2025 SC Lite Edition


---------------------
; Table of Contents ;
---------------------
  1. Legal Notice
  2. Flow Summary
  3. Flow Settings
  4. Flow Non-Default Global Settings
  5. Flow Elapsed Time
  6. Flow OS Summary
  7. Flow Log
  8. Flow Messages
  9. Flow Suppressed Messages



----------------
; Legal Notice ;
----------------
Copyright (C) 2025  Altera Corporation. All rights reserved.
Your use of Altera Corporation's design tools, logic functions 
and other software and tools, and any partner logic 
functions, and any output files from any of the foregoing 
(including device programming or simulation files), and any 
associated documentation or information are expressly subject 
to the terms and conditions of the Altera Program License 
Subscription Agreement, the Altera Quartus Prime License Agreement,
the Altera IP License Agreement, or other applicable license
agreement, including, without limitation, that your use is for
the sole purpose of programming logic devices manufactured by
Altera and sold by Altera or its authorized distributors.  Please
refer to the Altera Software License Subscription Agreements 
on the Quartus Prime software download page.



+--------------------------------------------------------------------------------------+
; Flow Summary                                                                         ;
+------------------------------------+-------------------------------------------------+
; Flow Status                        ; Successful - Wed May 13 15:27:55 2026           ;
; Quartus Prime Version              ; 24.1std.0 Build 1077 03/04/2025 SC Lite Edition ;
; Revision Name                      ; image_capture_top                               ;
; Top-level Entity Name              ; image_capture_top                               ;
; Family                             ; Cyclone IV E                                    ;
; Device                             ; EP4CE10F17C8                                    ;
; Timing Models                      ; Final                                           ;
; Total logic elements               ; 4,474 / 10,320 ( 43 % )                         ;
;     Total combinational functions  ; 3,485 / 10,320 ( 34 % )                         ;
;     Dedicated logic registers      ; 2,642 / 10,320 ( 26 % )                         ;
; Total registers                    ; 2642                                            ;
; Total pins                         ; 72 / 180 ( 40 % )                               ;
; Total virtual pins                 ; 0                                               ;
; Total memory bits                  ; 24,576 / 423,936 ( 6 % )                        ;
; Embedded Multiplier 9-bit elements ; 0 / 46 ( 0 % )                                  ;
; Total PLLs                         ; 1 / 2 ( 50 % )                                  ;
+------------------------------------+-------------------------------------------------+


+-----------------------------------------+
; Flow Settings                           ;
+-------------------+---------------------+
; Option            ; Setting             ;
+-------------------+---------------------+
; Start date & time ; 05/13/2026 15:27:23 ;
; Main task         ; Compilation         ;
; Revision Name     ; image_capture_top   ;
+-------------------+---------------------+


+------------------------------------------------------------------------------------------------------------------------------------------------+
; Flow Non-Default Global Settings                                                                                                               ;
+-------------------------------------+----------------------------------------+---------------+-------------+-----------------------------------+
; Assignment Name                     ; Value                                  ; Default Value ; Entity Name ; Section Id                        ;
+-------------------------------------+----------------------------------------+---------------+-------------+-----------------------------------+
; COMPILER_SIGNATURE_ID               ; 206743088021843.177865724327832        ; --            ; --          ; --                                ;
; EDA_GENERATE_FUNCTIONAL_NETLIST     ; Off                                    ; --            ; --          ; eda_board_design_timing           ;
; EDA_GENERATE_FUNCTIONAL_NETLIST     ; Off                                    ; --            ; --          ; eda_board_design_boundary_scan    ;
; EDA_GENERATE_FUNCTIONAL_NETLIST     ; Off                                    ; --            ; --          ; eda_board_design_signal_integrity ;
; EDA_GENERATE_FUNCTIONAL_NETLIST     ; Off                                    ; --            ; --          ; eda_board_design_symbol           ;
; EDA_OUTPUT_DATA_FORMAT              ; Verilog Hdl                            ; --            ; --          ; eda_simulation                    ;
; EDA_SIMULATION_TOOL                 ; Questa Intel FPGA (Verilog)            ; <None>        ; --          ; --                                ;
; EDA_TIME_SCALE                      ; 1 ps                                   ; --            ; --          ; eda_simulation                    ;
; MAX_CORE_JUNCTION_TEMP              ; 85                                     ; --            ; --          ; --                                ;
; MIN_CORE_JUNCTION_TEMP              ; 0                                      ; --            ; --          ; --                                ;
; MISC_FILE                           ; ../ip_core/fifo_data/fifo_data_inst.v  ; --            ; --          ; --                                ;
; MISC_FILE                           ; ../ip_core/fifo_data/fifo_data_bb.v    ; --            ; --          ; --                                ;
; MISC_FILE                           ; ../ip_core/ddio_out/ddio_out.bsf       ; --            ; --          ; --                                ;
; MISC_FILE                           ; ../ip_core/ddio_out/ddio_out_inst.v    ; --            ; --          ; --                                ;
; MISC_FILE                           ; ../ip_core/ddio_out/ddio_out_bb.v      ; --            ; --          ; --                                ;
; MISC_FILE                           ; ../ip_core/ddio_out/ddio_out.inc       ; --            ; --          ; --                                ;
; MISC_FILE                           ; ../ip_core/ddio_out/ddio_out.cmp       ; --            ; --          ; --                                ;
; MISC_FILE                           ; ../ip_core/ddio_out/ddio_out.ppf       ; --            ; --          ; --                                ;
; MISC_FILE                           ; ../ip_core/clk_gen/clk_gen_inst.v      ; --            ; --          ; --                                ;
; MISC_FILE                           ; ../ip_core/clk_gen/clk_gen_bb.v        ; --            ; --          ; --                                ;
; MISC_FILE                           ; ../ip_core/clk_gen/clk_gen.ppf         ; --            ; --          ; --                                ;
; NOMINAL_CORE_SUPPLY_VOLTAGE         ; 1.2V                                   ; --            ; --          ; --                                ;
; OUTPUT_IO_TIMING_FAR_END_VMEAS      ; Half Signal Swing                      ; --            ; --          ; --                                ;
; OUTPUT_IO_TIMING_FAR_END_VMEAS      ; Half Signal Swing                      ; --            ; --          ; --                                ;
; OUTPUT_IO_TIMING_NEAR_END_VMEAS     ; Half Vccio                             ; --            ; --          ; --                                ;
; OUTPUT_IO_TIMING_NEAR_END_VMEAS     ; Half Vccio                             ; --            ; --          ; --                                ;
; PARTITION_COLOR                     ; -- (Not supported for targeted family) ; --            ; --          ; Top                               ;
; PARTITION_FITTER_PRESERVATION_LEVEL ; -- (Not supported for targeted family) ; --            ; --          ; Top                               ;
; PARTITION_NETLIST_TYPE              ; -- (Not supported for targeted family) ; --            ; --          ; Top                               ;
; POWER_BOARD_THERMAL_MODEL           ; None (CONSERVATIVE)                    ; --            ; --          ; --                                ;
; POWER_PRESET_COOLING_SOLUTION       ; 23 MM HEAT SINK WITH 200 LFPM AIRFLOW  ; --            ; --          ; --                                ;
; PROJECT_OUTPUT_DIRECTORY            ; output_files                           ; --            ; --          ; --                                ;
+-------------------------------------+----------------------------------------+---------------+-------------+-----------------------------------+


+--------------------------------------------------------------------------------------------------------------------------+
; Flow Elapsed Time                                                                                                        ;
+----------------------+--------------+-------------------------+---------------------+------------------------------------+
; Module Name          ; Elapsed Time ; Average Processors Used ; Peak Virtual Memory ; Total CPU Time (on all processors) ;
+----------------------+--------------+-------------------------+---------------------+------------------------------------+
; Analysis & Synthesis ; 00:00:11     ; 1.0                     ; 4918 MB             ; 00:00:20                           ;
; Fitter               ; 00:00:13     ; 1.4                     ; 6391 MB             ; 00:00:33                           ;
; Assembler            ; 00:00:01     ; 1.0                     ; 4743 MB             ; 00:00:01                           ;
; Timing Analyzer      ; 00:00:02     ; 1.5                     ; 4994 MB             ; 00:00:03                           ;
; EDA Netlist Writer   ; 00:00:01     ; 1.0                     ; 4698 MB             ; 00:00:01                           ;
; Total                ; 00:00:28     ; --                      ; --                  ; 00:00:58                           ;
+----------------------+--------------+-------------------------+---------------------+------------------------------------+


+------------------------------------------------------------------------------------+
; Flow OS Summary                                                                    ;
+----------------------+------------------+------------+------------+----------------+
; Module Name          ; Machine Hostname ; OS Name    ; OS Version ; Processor type ;
+----------------------+------------------+------------+------------+----------------+
; Analysis & Synthesis ; Hore             ; Windows 10 ; 10.0       ; x86_64         ;
; Fitter               ; Hore             ; Windows 10 ; 10.0       ; x86_64         ;
; Assembler            ; Hore             ; Windows 10 ; 10.0       ; x86_64         ;
; Timing Analyzer      ; Hore             ; Windows 10 ; 10.0       ; x86_64         ;
; EDA Netlist Writer   ; Hore             ; Windows 10 ; 10.0       ; x86_64         ;
+----------------------+------------------+------------+------------+----------------+


------------
; Flow Log ;
------------
quartus_map --read_settings_files=on --write_settings_files=off image_capture_top -c image_capture_top
quartus_fit --read_settings_files=off --write_settings_files=off image_capture_top -c image_capture_top
quartus_asm --read_settings_files=off --write_settings_files=off image_capture_top -c image_capture_top
quartus_sta image_capture_top -c image_capture_top
quartus_eda --read_settings_files=off --write_settings_files=off image_capture_top -c image_capture_top



