Flow report for ov5640_hdmi_1280x720
Sun May 03 01:19:06 2026
Quartus II 64-Bit Version 13.0.1 Build 232 06/12/2013 Service Pack 1 SJ Full Version


---------------------
; Table of Contents ;
---------------------
  1. Legal Notice
  2. Flow Summary
  3. Flow Settings
  4. Flow Non-Default Global Settings
  5. Flow Elapsed Time
  6. Flow OS Summary
  7. Flow Log
  8. Flow Messages
  9. Flow Suppressed Messages



----------------
; Legal Notice ;
----------------
Copyright (C) 1991-2013 Altera Corporation
Your use of Altera Corporation's design tools, logic functions 
and other software and tools, and its AMPP partner logic 
functions, and any output files from any of the foregoing 
(including device programming or simulation files), and any 
associated documentation or information are expressly subject 
to the terms and conditions of the Altera Program License 
Subscription Agreement, Altera MegaCore Function License 
Agreement, or other applicable license agreement, including, 
without limitation, that your use is for the sole purpose of 
programming logic devices manufactured by Altera and sold by 
Altera or its authorized distributors.  Please refer to the 
applicable agreement for further details.



+---------------------------------------------------------------------------------------+
; Flow Summary                                                                          ;
+------------------------------------+--------------------------------------------------+
; Flow Status                        ; Flow Failed - Sun May 03 01:19:06 2026           ;
; Quartus II 64-Bit Version          ; 13.0.1 Build 232 06/12/2013 SP 1 SJ Full Version ;
; Revision Name                      ; ov5640_hdmi_1280x720                             ;
; Top-level Entity Name              ; image_capture_system                             ;
; Family                             ; Cyclone IV E                                     ;
; Device                             ; EP4CE10F17C8                                     ;
; Timing Models                      ; Final                                            ;
; Total logic elements               ; 2,332                                            ;
;     Total combinational functions  ; 2,235                                            ;
;     Dedicated logic registers      ; 382                                              ;
; Total registers                    ; 382                                              ;
; Total pins                         ; 75                                               ;
; Total virtual pins                 ; 0                                                ;
; Total memory bits                  ; 0                                                ;
; Embedded Multiplier 9-bit elements ; 0                                                ;
; Total PLLs                         ; 2                                                ;
+------------------------------------+--------------------------------------------------+


+------------------------------------------+
; Flow Settings                            ;
+-------------------+----------------------+
; Option            ; Setting              ;
+-------------------+----------------------+
; Start date & time ; 05/03/2026 01:19:00  ;
; Main task         ; Compilation          ;
; Revision Name     ; ov5640_hdmi_1280x720 ;
+-------------------+----------------------+


+--------------------------------------------------------------------------------------------------------------------------------------------+
; Flow Non-Default Global Settings                                                                                                           ;
+-------------------------------------+---------------------------------------+----------------------+----------------------+----------------+
; Assignment Name                     ; Value                                 ; Default Value        ; Entity Name          ; Section Id     ;
+-------------------------------------+---------------------------------------+----------------------+----------------------+----------------+
; COMPILER_SIGNATURE_ID               ; 255638737177949.177774234028256       ; --                   ; --                   ; --             ;
; EDA_OUTPUT_DATA_FORMAT              ; Verilog Hdl                           ; --                   ; --                   ; eda_simulation ;
; EDA_SIMULATION_TOOL                 ; ModelSim (Verilog)                    ; <None>               ; --                   ; --             ;
; EDA_TIME_SCALE                      ; 1 ps                                  ; --                   ; --                   ; eda_simulation ;
; IP_TOOL_NAME                        ; FIFO                                  ; --                   ; --                   ; --             ;
; IP_TOOL_NAME                        ; ALTDDIO_OUT                           ; --                   ; --                   ; --             ;
; IP_TOOL_NAME                        ; ALTPLL                                ; --                   ; --                   ; --             ;
; IP_TOOL_NAME                        ; ALTPLL                                ; --                   ; --                   ; --             ;
; IP_TOOL_VERSION                     ; 13.0                                  ; --                   ; --                   ; --             ;
; IP_TOOL_VERSION                     ; 13.0                                  ; --                   ; --                   ; --             ;
; IP_TOOL_VERSION                     ; 13.0                                  ; --                   ; --                   ; --             ;
; IP_TOOL_VERSION                     ; 13.0                                  ; --                   ; --                   ; --             ;
; MAX_CORE_JUNCTION_TEMP              ; 85                                    ; --                   ; --                   ; --             ;
; MIN_CORE_JUNCTION_TEMP              ; 0                                     ; --                   ; --                   ; --             ;
; MISC_FILE                           ; ip_core/fifo_data/fifo_data_inst.v    ; --                   ; --                   ; --             ;
; MISC_FILE                           ; ip_core/fifo_data/fifo_data_bb.v      ; --                   ; --                   ; --             ;
; MISC_FILE                           ; ip_core/ddio_out/ddio_out.bsf         ; --                   ; --                   ; --             ;
; MISC_FILE                           ; ip_core/ddio_out/ddio_out_inst.v      ; --                   ; --                   ; --             ;
; MISC_FILE                           ; ip_core/ddio_out/ddio_out_bb.v        ; --                   ; --                   ; --             ;
; MISC_FILE                           ; ip_core/ddio_out/ddio_out.inc         ; --                   ; --                   ; --             ;
; MISC_FILE                           ; ip_core/ddio_out/ddio_out.cmp         ; --                   ; --                   ; --             ;
; MISC_FILE                           ; ip_core/ddio_out/ddio_out.ppf         ; --                   ; --                   ; --             ;
; MISC_FILE                           ; ip_core/clk_gen/clk_gen_inst.v        ; --                   ; --                   ; --             ;
; MISC_FILE                           ; ip_core/clk_gen/clk_gen_bb.v          ; --                   ; --                   ; --             ;
; MISC_FILE                           ; ip_core/clk_gen/clk_gen.ppf           ; --                   ; --                   ; --             ;
; MISC_FILE                           ; ip_core/clk_hdmi/clk_hdmi_inst.v      ; --                   ; --                   ; --             ;
; MISC_FILE                           ; ip_core/clk_hdmi/clk_hdmi_bb.v        ; --                   ; --                   ; --             ;
; MISC_FILE                           ; ip_core/clk_hdmi/clk_hdmi.ppf         ; --                   ; --                   ; --             ;
; OUTPUT_IO_TIMING_FAR_END_VMEAS      ; Half Signal Swing                     ; --                   ; --                   ; --             ;
; OUTPUT_IO_TIMING_FAR_END_VMEAS      ; Half Signal Swing                     ; --                   ; --                   ; --             ;
; OUTPUT_IO_TIMING_NEAR_END_VMEAS     ; Half Vccio                            ; --                   ; --                   ; --             ;
; OUTPUT_IO_TIMING_NEAR_END_VMEAS     ; Half Vccio                            ; --                   ; --                   ; --             ;
; PARTITION_COLOR                     ; 16764057                              ; --                   ; image_capture_system ; Top            ;
; PARTITION_FITTER_PRESERVATION_LEVEL ; PLACEMENT_AND_ROUTING                 ; --                   ; image_capture_system ; Top            ;
; PARTITION_NETLIST_TYPE              ; SOURCE                                ; --                   ; image_capture_system ; Top            ;
; POWER_BOARD_THERMAL_MODEL           ; None (CONSERVATIVE)                   ; --                   ; --                   ; --             ;
; POWER_PRESET_COOLING_SOLUTION       ; 23 MM HEAT SINK WITH 200 LFPM AIRFLOW ; --                   ; --                   ; --             ;
; PROJECT_OUTPUT_DIRECTORY            ; output_files                          ; --                   ; --                   ; --             ;
; TOP_LEVEL_ENTITY                    ; image_capture_system                  ; ov5640_hdmi_1280x720 ; --                   ; --             ;
+-------------------------------------+---------------------------------------+----------------------+----------------------+----------------+


+--------------------------------------------------------------------------------------------------------------------------+
; Flow Elapsed Time                                                                                                        ;
+----------------------+--------------+-------------------------+---------------------+------------------------------------+
; Module Name          ; Elapsed Time ; Average Processors Used ; Peak Virtual Memory ; Total CPU Time (on all processors) ;
+----------------------+--------------+-------------------------+---------------------+------------------------------------+
; Analysis & Synthesis ; 00:00:04     ; 1.0                     ; 4726 MB             ; 00:00:05                           ;
; Fitter               ; 00:00:01     ; 1.0                     ; 4762 MB             ; 00:00:00                           ;
; Total                ; 00:00:05     ; --                      ; --                  ; 00:00:05                           ;
+----------------------+--------------+-------------------------+---------------------+------------------------------------+


+-----------------------------------------------------------------------------------+
; Flow OS Summary                                                                   ;
+----------------------+------------------+-----------+------------+----------------+
; Module Name          ; Machine Hostname ; OS Name   ; OS Version ; Processor type ;
+----------------------+------------------+-----------+------------+----------------+
; Analysis & Synthesis ; Hore             ; Windows 7 ; 6.2        ; x86_64         ;
; Fitter               ; Hore             ; Windows 7 ; 6.2        ; x86_64         ;
+----------------------+------------------+-----------+------------+----------------+


------------
; Flow Log ;
------------
quartus_map --read_settings_files=on --write_settings_files=off ov5640_hdmi_1280x720 -c ov5640_hdmi_1280x720
quartus_fit --read_settings_files=off --write_settings_files=off ov5640_hdmi_1280x720 -c ov5640_hdmi_1280x720



